9/18/2023, 1:01:34 PM [ERROR]: Error in adding Driver: ReferenceError: email is not defined
9/18/2023, 1:02:47 PM [ERROR]: Error in adding Driver: ReferenceError: email is not defined
9/18/2023, 1:04:01 PM [ERROR]: sendWhatsappMessage error: Request failed with status code 401
9/18/2023, 1:04:01 PM [ERROR]: Error in adding Driver: AxiosError: Request failed with status code 401
9/18/2023, 3:00:21 PM [ERROR]: Error in editing vehicle: Error: Incorrect datetime value: '2023-09-18 15:00:21 pm' for column `Starkenn1`.`vehicles`.`modified_at` at row 1
9/18/2023, 3:08:04 PM [ERROR]: Error in getting the vehicle featureset list: Error: Table 'Starkenn1.vehiclefeatureset' doesn't exist
9/18/2023, 3:52:44 PM [ERROR]: Error in updating the alert: Error: Incorrect arguments to mysqld_stmt_execute
9/18/2023, 3:53:13 PM [ERROR]: Error in updating the alert: Error: Incorrect arguments to mysqld_stmt_execute
9/18/2023, 3:55:58 PM [ERROR]: Error in updating the alert: Error: Incorrect arguments to mysqld_stmt_execute
9/18/2023, 5:06:59 PM [ERROR]: Error in adding featureset: Error: Incorrect datetime value: '2023-09-18 17:06:59 pm' for column `Starkenn1`.`featureset`.`featureset_created_at` at row 1
9/18/2023, 5:10:46 PM [ERROR]: Error in updating featureset: Error: Incorrect datetime value: '2023-09-18 17:10:46 pm' for column `Starkenn1`.`featureset`.`featureset_modified_at` at row 1
9/18/2023, 5:19:02 PM [ERROR]: Error in getting the vehicle featureset list: Error: Table 'Starkenn1.vehiclefeatureset' doesn't exist
9/18/2023, 5:19:14 PM [ERROR]: Error in getting the vehicle featureset list: Error: Table 'Starkenn1.vehiclefeatureset' doesn't exist
9/18/2023, 5:21:49 PM [ERROR]: sendWhatsappMessage error: Request failed with status code 401
9/18/2023, 5:21:49 PM [ERROR]: Error adding customers: Request failed with status code 401
9/18/2023, 5:44:16 PM [ERROR]: Error in getting the vehicle featureset list: Error: Table 'Starkenn1.vehiclefeatureset' doesn't exist
9/20/2023, 10:36:04 AM [ERROR]: Error updating user: Bind parameters must not contain undefined. To pass SQL NULL specify JS null
9/20/2023, 10:36:26 AM [ERROR]: Error updating user: Bind parameters must not contain undefined. To pass SQL NULL specify JS null
9/20/2023, 10:38:11 AM [ERROR]: Error updating user: Bind parameters must not contain undefined. To pass SQL NULL specify JS null
9/20/2023, 10:38:38 AM [ERROR]: Error updating user: Bind parameters must not contain undefined. To pass SQL NULL specify JS null
9/20/2023, 10:39:19 AM [ERROR]: Error updating user: Bind parameters must not contain undefined. To pass SQL NULL specify JS null
9/20/2023, 10:43:26 AM [ERROR]: Error updating user: Bind parameters must not contain undefined. To pass SQL NULL specify JS null
9/20/2023, 10:43:27 AM [ERROR]: Error updating user: Bind parameters must not contain undefined. To pass SQL NULL specify JS null
9/20/2023, 10:44:12 AM [ERROR]: Error updating user: Bind parameters must not contain undefined. To pass SQL NULL specify JS null
9/20/2023, 10:44:20 AM [ERROR]: Error updating user: Bind parameters must not contain undefined. To pass SQL NULL specify JS null
9/20/2023, 10:44:32 AM [ERROR]: Error updating user: Bind parameters must not contain undefined. To pass SQL NULL specify JS null
9/20/2023, 10:45:20 AM [ERROR]: Error updating user: Bind parameters must not contain undefined. To pass SQL NULL specify JS null
9/20/2023, 10:46:02 AM [ERROR]: Error updating user: Bind parameters must not contain undefined. To pass SQL NULL specify JS null
9/20/2023, 10:46:49 AM [ERROR]: Error updating user: Bind parameters must not contain undefined. To pass SQL NULL specify JS null
9/20/2023, 10:50:12 AM [ERROR]: Error updating user: Bind parameters must not contain undefined. To pass SQL NULL specify JS null
9/20/2023, 10:57:23 AM [ERROR]: Error updating user: Bind parameters must not contain undefined. To pass SQL NULL specify JS null
9/20/2023, 10:57:38 AM [ERROR]: Error updating user: Bind parameters must not contain undefined. To pass SQL NULL specify JS null
9/20/2023, 10:59:37 AM [ERROR]: Error updating user: Bind parameters must not contain undefined. To pass SQL NULL specify JS null
9/20/2023, 10:59:55 AM [ERROR]: Error updating user: Bind parameters must not contain undefined. To pass SQL NULL specify JS null
9/20/2023, 11:01:26 AM [ERROR]: Error updating user: Bind parameters must not contain undefined. To pass SQL NULL specify JS null
9/20/2023, 11:01:46 AM [ERROR]: Error updating user: Bind parameters must not contain undefined. To pass SQL NULL specify JS null
9/20/2023, 11:03:10 AM [ERROR]: Error updating user: Bind parameters must not contain undefined. To pass SQL NULL specify JS null
9/20/2023, 11:03:13 AM [ERROR]: Error updating user: Bind parameters must not contain undefined. To pass SQL NULL specify JS null
9/20/2023, 11:04:57 AM [ERROR]: Error updating user: Bind parameters must not contain undefined. To pass SQL NULL specify JS null
9/20/2023, 11:09:13 AM [ERROR]: Error updating user: Bind parameters must not contain undefined. To pass SQL NULL specify JS null
9/20/2023, 11:12:00 AM [ERROR]: Error updating user: Bind parameters must not contain undefined. To pass SQL NULL specify JS null
9/20/2023, 11:12:51 AM [ERROR]: Error updating user: Bind parameters must not contain undefined. To pass SQL NULL specify JS null
9/20/2023, 12:36:18 PM [ERROR]: Error in adding device: Error: Duplicate entry 'ECU001D' for key 'device_id'
9/20/2023, 12:38:19 PM [ERROR]: Error in adding device: Error: Duplicate entry 'ECU001H' for key 'device_id'
9/20/2023, 12:45:48 PM [ERROR]: sendEmail error: No recipients defined
9/20/2023, 12:45:48 PM [ERROR]: Error in adding Driver: Error: No recipients defined
9/20/2023, 12:58:00 PM [ERROR]: Error in getting the vehicle featureset list: Error: Table 'Starkenn1.vehiclefeatureset' doesn't exist
9/20/2023, 1:08:37 PM [ERROR]: Error in adding device: Error: Duplicate entry 'IOT001I' for key 'device_id'
9/21/2023, 12:37:08 PM [ERROR]: Error in Get Trip Data: You have an error in your SQL syntax; check the manual that corresponds to your MariaDB server version for the right syntax to use near '.timestamp,
    JSON_UNQUOTE(JSON_EXTRACT(td.jsondata, '$.data.alert_type')) ...' at line 8
9/21/2023, 12:37:49 PM [ERROR]: Error in Get Trip Data: You have an error in your SQL syntax; check the manual that corresponds to your MariaDB server version for the right syntax to use near ''ACD','ACC','LMP'
ORDER BY
    td.timestamp ASC' at line 20
9/21/2023, 12:38:18 PM [ERROR]: Error in Get Trip Data: You have an error in your SQL syntax; check the manual that corresponds to your MariaDB server version for the right syntax to use near ''ACD','ACC','LMP'
ORDER BY
    td.timestamp ASC' at line 20
9/21/2023, 12:55:18 PM [ERROR]: Error in Get Trip Data: You have an error in your SQL syntax; check the manual that corresponds to your MariaDB server version for the right syntax to use near 'JSON_UNQUOTE(JSON_EXTRACT(td.jsondata, 'message')) AS message
FROM
    vehicl...' at line 9
9/21/2023, 12:56:03 PM [ERROR]: Error in Get Trip Data: You have an error in your SQL syntax; check the manual that corresponds to your MariaDB server version for the right syntax to use near 'JSON_UNQUOTE(JSON_EXTRACT(td.jsondata, '$.message')) AS message
FROM
    vehi...' at line 9
9/21/2023, 12:57:08 PM [ERROR]: Error in Get Trip Data: You have an error in your SQL syntax; check the manual that corresponds to your MariaDB server version for the right syntax to use near '(alert_type,message)
    
FROM
    vehicles v
LEFT JOIN
    trip_summary ts O...' at line 8
9/21/2023, 12:58:03 PM [ERROR]: Error in Get Trip Data: You have an error in your SQL syntax; check the manual that corresponds to your MariaDB server version for the right syntax to use near '(alert_type , message)
    
FROM
    vehicles v
LEFT JOIN
    trip_summary ts...' at line 8
9/21/2023, 1:04:31 PM [ERROR]: Error in Get Trip Data: DMS is not defined
